<?xml version="1.0" encoding="UTF-8"?>
<!-- Generated by org.testng.reporters.JUnitReportReporter -->
<testsuite hostname="3XBF3B3" failures="0" tests="3" name="APITests" time="3.532" errors="0" timestamp="2024-04-22T17:14:43 SAST" skipped="0">
  <testcase classname="APITests" name="Verify_Get_5th_movie_and_Producers_are_not_GaryKurtz_GeorgeLucas" time="0.523"/>
  <testcase classname="APITests" name="Verify_Get_3rd_movie_and_director_is_RichardMarquand" time="2.485"/>
  <testcase classname="APITests" name="Verify_Get_list_of_movies_and_check_if_the_movies_count_is_6" time="0.524"/>
</testsuite> <!-- APITests -->
